<?xml version="1.0" encoding="UTF-8"?>
<!-- Generated by org.testng.reporters.JUnitReportReporter -->
<testsuite skipped="25" hostname="Appshark59" name="com.bml.qa.testScripts.bulkLeadUpdatePageTest" tests="36" failures="0" timestamp="03 Oct 2018 11:49:22 GMT" time="737.938" errors="0">
  <testcase name="verifyProcessLeadsfield" time="68.120" classname="com.bml.qa.testScripts.bulkLeadUpdatePageTest"/>
  <testcase name="verifyClicktoBrowsefield" time="56.382" classname="com.bml.qa.testScripts.bulkLeadUpdatePageTest"/>
  <testcase name="verifyCancelButtonfield" time="82.223" classname="com.bml.qa.testScripts.bulkLeadUpdatePageTest"/>
  <testcase name="verifyClicktoBrowsefieldStatuswithSelectClient" time="55.293" classname="com.bml.qa.testScripts.bulkLeadUpdatePageTest"/>
  <testcase name="verifyProcessLeadsfieldStatus" time="54.752" classname="com.bml.qa.testScripts.bulkLeadUpdatePageTest"/>
  <testcase name="verifyErrormessagewithoutuploadfile" time="51.987" classname="com.bml.qa.testScripts.bulkLeadUpdatePageTest"/>
  <testcase name="verifyBulkLeadUpdatePageFooter" time="76.639" classname="com.bml.qa.testScripts.bulkLeadUpdatePageTest"/>
  <testcase name="verifyErrormessagewithoutenterDropdownData" time="59.113" classname="com.bml.qa.testScripts.bulkLeadUpdatePageTest"/>
  <testcase name="verifyCancelButtonStatus" time="63.766" classname="com.bml.qa.testScripts.bulkLeadUpdatePageTest"/>
  <testcase name="verifyClientsDropdownDefaultData" time="64.443" classname="com.bml.qa.testScripts.bulkLeadUpdatePageTest"/>
  <testcase name="verifyFileUpload" time="105.220" classname="com.bml.qa.testScripts.bulkLeadUpdatePageTest"/>
  <testcase name="verifyBulkLeadUpdatesMenu" classname="com.bml.qa.testScripts.bulkLeadUpdatePageTest">
    <skipped/>
  </testcase> <!-- verifyBulkLeadUpdatesMenu -->
  <testcase name="verifyClientsDropdownStatus" classname="com.bml.qa.testScripts.bulkLeadUpdatePageTest">
    <skipped/>
  </testcase> <!-- verifyClientsDropdownStatus -->
  <testcase name="verifyGlobalDropdownfieldfromBulkPage" classname="com.bml.qa.testScripts.bulkLeadUpdatePageTest">
    <skipped/>
  </testcase> <!-- verifyGlobalDropdownfieldfromBulkPage -->
  <testcase name="verifyLeadsMenuStatusfromBulkPage" classname="com.bml.qa.testScripts.bulkLeadUpdatePageTest">
    <skipped/>
  </testcase> <!-- verifyLeadsMenuStatusfromBulkPage -->
  <testcase name="verifyManageUsersMenuFuncfromBulkPage" classname="com.bml.qa.testScripts.bulkLeadUpdatePageTest">
    <skipped/>
  </testcase> <!-- verifyManageUsersMenuFuncfromBulkPage -->
  <testcase name="verifyClientsDropdownLabel" classname="com.bml.qa.testScripts.bulkLeadUpdatePageTest">
    <skipped/>
  </testcase> <!-- verifyClientsDropdownLabel -->
  <testcase name="verifyManageUsersMenufromBulkPage" classname="com.bml.qa.testScripts.bulkLeadUpdatePageTest">
    <skipped/>
  </testcase> <!-- verifyManageUsersMenufromBulkPage -->
  <testcase name="verifyManageUsersMenuStatusfromBulkPage" classname="com.bml.qa.testScripts.bulkLeadUpdatePageTest">
    <skipped/>
  </testcase> <!-- verifyManageUsersMenuStatusfromBulkPage -->
  <testcase name="verifyBulkLeadUpdatesMenuStatus" classname="com.bml.qa.testScripts.bulkLeadUpdatePageTest">
    <skipped/>
  </testcase> <!-- verifyBulkLeadUpdatesMenuStatus -->
  <testcase name="verifyBulkLeadUpdatesLogo" classname="com.bml.qa.testScripts.bulkLeadUpdatePageTest">
    <skipped/>
  </testcase> <!-- verifyBulkLeadUpdatesLogo -->
  <testcase name="verifyLeadsMenufromBulkPage" classname="com.bml.qa.testScripts.bulkLeadUpdatePageTest">
    <skipped/>
  </testcase> <!-- verifyLeadsMenufromBulkPage -->
  <testcase name="verifyDataMigrationMenufromBulkPage" classname="com.bml.qa.testScripts.bulkLeadUpdatePageTest">
    <skipped/>
  </testcase> <!-- verifyDataMigrationMenufromBulkPage -->
  <testcase name="verifyDataSelectionfromDropdown" classname="com.bml.qa.testScripts.bulkLeadUpdatePageTest">
    <skipped/>
  </testcase> <!-- verifyDataSelectionfromDropdown -->
  <testcase name="verifyIPConfigMenufromBulkPage" classname="com.bml.qa.testScripts.bulkLeadUpdatePageTest">
    <skipped/>
  </testcase> <!-- verifyIPConfigMenufromBulkPage -->
  <testcase name="verifyClientsDropdownData" classname="com.bml.qa.testScripts.bulkLeadUpdatePageTest">
    <skipped/>
  </testcase> <!-- verifyClientsDropdownData -->
  <testcase name="verifyIPConfigMenuFuncfromBulkPage" classname="com.bml.qa.testScripts.bulkLeadUpdatePageTest">
    <skipped/>
  </testcase> <!-- verifyIPConfigMenuFuncfromBulkPage -->
  <testcase name="verifyLeadsMenuClickfromBulkPage" classname="com.bml.qa.testScripts.bulkLeadUpdatePageTest">
    <skipped/>
  </testcase> <!-- verifyLeadsMenuClickfromBulkPage -->
  <testcase name="verifyTitle" classname="com.bml.qa.testScripts.bulkLeadUpdatePageTest">
    <skipped/>
  </testcase> <!-- verifyTitle -->
  <testcase name="verifyGlobalDropdownfieldStatusfromBulkPage" classname="com.bml.qa.testScripts.bulkLeadUpdatePageTest">
    <skipped/>
  </testcase> <!-- verifyGlobalDropdownfieldStatusfromBulkPage -->
  <testcase name="verifyIPConfigMenuStatusfromBulkPage" classname="com.bml.qa.testScripts.bulkLeadUpdatePageTest">
    <skipped/>
  </testcase> <!-- verifyIPConfigMenuStatusfromBulkPage -->
  <testcase name="verifyBulkLeadUpdatesHeader" classname="com.bml.qa.testScripts.bulkLeadUpdatePageTest">
    <skipped/>
  </testcase> <!-- verifyBulkLeadUpdatesHeader -->
  <testcase name="verifyDataMigrationMenuStatusfromBulkPage" classname="com.bml.qa.testScripts.bulkLeadUpdatePageTest">
    <skipped/>
  </testcase> <!-- verifyDataMigrationMenuStatusfromBulkPage -->
  <testcase name="verifyBulkLeadUpdatesMenuFunc" classname="com.bml.qa.testScripts.bulkLeadUpdatePageTest">
    <skipped/>
  </testcase> <!-- verifyBulkLeadUpdatesMenuFunc -->
  <testcase name="verifyDataMigrationMenuFuncfromBulkPage" classname="com.bml.qa.testScripts.bulkLeadUpdatePageTest">
    <skipped/>
  </testcase> <!-- verifyDataMigrationMenuFuncfromBulkPage -->
  <testcase name="verifyClientsDropdownfield" classname="com.bml.qa.testScripts.bulkLeadUpdatePageTest">
    <skipped/>
  </testcase> <!-- verifyClientsDropdownfield -->
</testsuite> <!-- com.bml.qa.testScripts.bulkLeadUpdatePageTest -->
