<?xml version="1.0" encoding="UTF-8"?>
<!-- Generated by org.testng.reporters.JUnitReportReporter -->
<testsuite skipped="19" hostname="Appshark59" name="com.bml.qa.testScripts.forgotPasswordPageTest" tests="23" failures="0" timestamp="26 Sep 2018 10:21:01 GMT" time="238.721" errors="0">
  <testcase name="validateResetDetailsFunc" time="65.821" classname="com.bml.qa.testScripts.forgotPasswordPageTest"/>
  <testcase name="validateSignInLink" time="48.799" classname="com.bml.qa.testScripts.forgotPasswordPageTest"/>
  <testcase name="validateSignInLinkStatus" time="45.877" classname="com.bml.qa.testScripts.forgotPasswordPageTest"/>
  <testcase name="validateSignInLinkFunc" time="78.224" classname="com.bml.qa.testScripts.forgotPasswordPageTest"/>
  <testcase name="validateEmptyEmailAddressErrorMessage" classname="com.bml.qa.testScripts.forgotPasswordPageTest">
    <skipped/>
  </testcase> <!-- validateEmptyEmailAddressErrorMessage -->
  <testcase name="validateForgotPasswordPageHeader" classname="com.bml.qa.testScripts.forgotPasswordPageTest">
    <skipped/>
  </testcase> <!-- validateForgotPasswordPageHeader -->
  <testcase name="validateInvalidEmailAddressErrorMessage" classname="com.bml.qa.testScripts.forgotPasswordPageTest">
    <skipped/>
  </testcase> <!-- validateInvalidEmailAddressErrorMessage -->
  <testcase name="validateForgotPasswordPageLogo" classname="com.bml.qa.testScripts.forgotPasswordPageTest">
    <skipped/>
  </testcase> <!-- validateForgotPasswordPageLogo -->
  <testcase name="validateForgotPasswordFuncPopupwithOKbutton" classname="com.bml.qa.testScripts.forgotPasswordPageTest">
    <skipped/>
  </testcase> <!-- validateForgotPasswordFuncPopupwithOKbutton -->
  <testcase name="validateWrongEmailAddressErrorMessage" classname="com.bml.qa.testScripts.forgotPasswordPageTest">
    <skipped/>
  </testcase> <!-- validateWrongEmailAddressErrorMessage -->
  <testcase name="validateResetDetailsButtonStatus" classname="com.bml.qa.testScripts.forgotPasswordPageTest">
    <skipped/>
  </testcase> <!-- validateResetDetailsButtonStatus -->
  <testcase name="validateResetDetailsButton" classname="com.bml.qa.testScripts.forgotPasswordPageTest">
    <skipped/>
  </testcase> <!-- validateResetDetailsButton -->
  <testcase name="validateResetPasswordStatus" classname="com.bml.qa.testScripts.forgotPasswordPageTest">
    <skipped/>
  </testcase> <!-- validateResetPasswordStatus -->
  <testcase name="validateEmailAddressFieldData" classname="com.bml.qa.testScripts.forgotPasswordPageTest">
    <skipped/>
  </testcase> <!-- validateEmailAddressFieldData -->
  <testcase name="validateForgotPasswordPageFieldMessage" classname="com.bml.qa.testScripts.forgotPasswordPageTest">
    <skipped/>
  </testcase> <!-- validateForgotPasswordPageFieldMessage -->
  <testcase name="validateEmailAddressfieldStatus" classname="com.bml.qa.testScripts.forgotPasswordPageTest">
    <skipped/>
  </testcase> <!-- validateEmailAddressfieldStatus -->
  <testcase name="validateForgotPasswordFuncPopupText" classname="com.bml.qa.testScripts.forgotPasswordPageTest">
    <skipped/>
  </testcase> <!-- validateForgotPasswordFuncPopupText -->
  <testcase name="validateEmailAddressField" classname="com.bml.qa.testScripts.forgotPasswordPageTest">
    <skipped/>
  </testcase> <!-- validateEmailAddressField -->
  <testcase name="validateEmailAddressfieldLabel" classname="com.bml.qa.testScripts.forgotPasswordPageTest">
    <skipped/>
  </testcase> <!-- validateEmailAddressfieldLabel -->
  <testcase name="validateForgotPasswordFuncPopupTitle" classname="com.bml.qa.testScripts.forgotPasswordPageTest">
    <skipped/>
  </testcase> <!-- validateForgotPasswordFuncPopupTitle -->
  <testcase name="validateForgotPasswordFuncPopupwithCrossmark" classname="com.bml.qa.testScripts.forgotPasswordPageTest">
    <skipped/>
  </testcase> <!-- validateForgotPasswordFuncPopupwithCrossmark -->
  <testcase name="validateResetPasswordButton" classname="com.bml.qa.testScripts.forgotPasswordPageTest">
    <skipped/>
  </testcase> <!-- validateResetPasswordButton -->
  <testcase name="validateForgotPasswordPageTitle" classname="com.bml.qa.testScripts.forgotPasswordPageTest">
    <skipped/>
  </testcase> <!-- validateForgotPasswordPageTitle -->
</testsuite> <!-- com.bml.qa.testScripts.forgotPasswordPageTest -->
